<?xml version="1.0" encoding="UTF-8"?>
<!-- Generated by org.testng.reporters.JUnitReportReporter -->
<testsuite hostname="Nyarlathotep" name="com.test.EdurekaSelenium.FirstTestNG" tests="1" failures="0" timestamp="11 Oct 2019 15:57:50 GMT" time="7.837" errors="0">
  <testcase name="test_recalcularcorte" time="7.837" classname="com.test.EdurekaSelenium.FirstTestNG"/>
</testsuite> <!-- com.test.EdurekaSelenium.FirstTestNG -->
