<?xml version="1.0" encoding="UTF-8"?>
<!-- Generated by org.testng.reporters.JUnitReportReporter -->
<testsuite hostname="Nyarlathotep" name="com.test.EdurekaSelenium.FirstTestNG" tests="1" failures="0" timestamp="11 Oct 2019 16:10:40 GMT" time="12.726" errors="0">
  <testcase name="test_recalcularcorte" time="12.726" classname="com.test.EdurekaSelenium.FirstTestNG"/>
</testsuite> <!-- com.test.EdurekaSelenium.FirstTestNG -->
