<?xml version="1.0" encoding="UTF-8"?>
<!-- Generated by org.testng.reporters.JUnitReportReporter -->
<testsuite hostname="L-DEL-DELL1" name="com.test.EdurekaSelenium.FirstTestNG" tests="1" failures="0" timestamp="9 Oct 2019 21:21:03 GMT" time="4.897" errors="0">
  <testcase name="test_recalcularcorte" time="4.897" classname="com.test.EdurekaSelenium.FirstTestNG"/>
</testsuite> <!-- com.test.EdurekaSelenium.FirstTestNG -->
